[{"line":2,"elements":[{"start_timestamp":"2022-05-16T14:33:11.079Z","before":[{"result":{"duration":11584000000,"status":"passed"},"match":{"location":"StepDefination.Hooks.open_browser()"}}],"line":4,"name":"user register to website","description":"","id":"user-should-be-register-successfully;user-register-to-website","after":[{"result":{"duration":733000000,"status":"passed"},"match":{"location":"StepDefination.Hooks.close_browser()"}}],"type":"scenario","keyword":"Scenario","steps":[{"result":{"duration":858000000,"status":"passed"},"line":5,"name":"user navigate to registeration page","match":{"location":"StepDefination.Registeration.navToRegisteration()"},"keyword":"Given "},{"result":{"duration":8329000000,"status":"passed"},"line":6,"name":"user enter data of registeration","match":{"location":"StepDefination.Registeration.enterRegisterationData()"},"keyword":"When "},{"result":{"duration":636000000,"status":"passed"},"line":7,"name":"user click on register button","match":{"location":"StepDefination.Registeration.clickRegisterButton()"},"keyword":"And "},{"result":{"error_message":"org.openqa.selenium.NoSuchElementException: no such element: Unable to locate element: {\"method\":\"css selector\",\"selector\":\".result\"}\n  (Session info: chrome=101.0.4951.54)\nFor documentation on this error, please visit: https://selenium.dev/exceptions/#no_such_element\nBuild info: version: '4.1.4', revision: '535d840ee2'\nSystem info: host: 'DESKTOP-M0L0ODS', ip: '192.168.1.7', os.name: 'Windows 10', os.arch: 'amd64', os.version: '10.0', java.version: '1.8.0_321'\nDriver info: org.openqa.selenium.chrome.ChromeDriver\nCommand: [c3361c345f41e231cb77ce524c0de83b, findElement {using=class name, value=result}]\nCapabilities {acceptInsecureCerts: false, browserName: chrome, browserVersion: 101.0.4951.54, chrome: {chromedriverVersion: 100.0.4896.60 (6a5d10861ce8..., userDataDir: C:\\Users\\aboba\\AppData\\Loca...}, goog:chromeOptions: {debuggerAddress: localhost:61485}, javascriptEnabled: true, networkConnectionEnabled: false, pageLoadStrategy: normal, platform: WINDOWS, platformName: WINDOWS, proxy: Proxy(), se:cdp: ws://localhost:61485/devtoo..., se:cdpVersion: 101.0.4951.54, setWindowRect: true, strictFileInteractability: false, timeouts: {implicit: 0, pageLoad: 300000, script: 30000}, unhandledPromptBehavior: dismiss and notify, webauthn:extension:credBlob: true, webauthn:extension:largeBlob: true, webauthn:virtualAuthenticators: true}\nSession ID: c3361c345f41e231cb77ce524c0de83b\r\n\tat sun.reflect.NativeConstructorAccessorImpl.newInstance0(Native Method)\r\n\tat sun.reflect.NativeConstructorAccessorImpl.newInstance(NativeConstructorAccessorImpl.java:62)\r\n\tat sun.reflect.DelegatingConstructorAccessorImpl.newInstance(DelegatingConstructorAccessorImpl.java:45)\r\n\tat java.lang.reflect.Constructor.newInstance(Constructor.java:423)\r\n\tat org.openqa.selenium.remote.codec.w3c.W3CHttpResponseCodec.createException(W3CHttpResponseCodec.java:200)\r\n\tat org.openqa.selenium.remote.codec.w3c.W3CHttpResponseCodec.decode(W3CHttpResponseCodec.java:133)\r\n\tat org.openqa.selenium.remote.codec.w3c.W3CHttpResponseCodec.decode(W3CHttpResponseCodec.java:53)\r\n\tat org.openqa.selenium.remote.HttpCommandExecutor.execute(HttpCommandExecutor.java:184)\r\n\tat org.openqa.selenium.remote.service.DriverCommandExecutor.invokeExecute(DriverCommandExecutor.java:167)\r\n\tat org.openqa.selenium.remote.service.DriverCommandExecutor.execute(DriverCommandExecutor.java:142)\r\n\tat org.openqa.selenium.remote.RemoteWebDriver.execute(RemoteWebDriver.java:567)\r\n\tat org.openqa.selenium.remote.ElementLocation$ElementFinder$2.findElement(ElementLocation.java:162)\r\n\tat org.openqa.selenium.remote.ElementLocation.findElement(ElementLocation.java:66)\r\n\tat org.openqa.selenium.remote.RemoteWebDriver.findElement(RemoteWebDriver.java:385)\r\n\tat org.openqa.selenium.remote.RemoteWebDriver.findElement(RemoteWebDriver.java:377)\r\n\tat pages.registerationpage.Assertionforcompleteregister(registerationpage.java:84)\r\n\tat StepDefination.Registeration.registerSuccessfully(Registeration.java:52)\r\n\tat ✽.user register successfully(file:///D:/software%20projects/cucumberEcommerce/src/main/resources/Feature/Registeration.feature:8)\r\n","duration":8068000000,"status":"failed"},"line":8,"name":"user register successfully","match":{"location":"StepDefination.Registeration.registerSuccessfully()"},"keyword":"And "},{"result":{"status":"skipped"},"line":9,"name":"continue registeration","match":{"location":"StepDefination.Registeration.registercontinue()"},"keyword":"Then "}],"tags":[{"name":"@regression"}]}],"name":"user should be register successfully","description":"","id":"user-should-be-register-successfully","keyword":"Feature","uri":"file:src/main/resources/Feature/Registeration.feature","tags":[{"name":"@regression","type":"Tag","location":{"line":1,"column":1}}]},{"line":3,"elements":[{"start_timestamp":"2022-05-16T14:33:41.387Z","before":[{"result":{"duration":8204000000,"status":"passed"},"match":{"location":"StepDefination.Hooks.open_browser()"}}],"line":4,"name":"user will logout to signin","description":"","id":"user-will-logout;user-will-logout-to-signin","after":[{"result":{"duration":749000000,"status":"passed"},"match":{"location":"StepDefination.Hooks.close_browser()"}}],"type":"scenario","keyword":"Scenario","steps":[{"result":{"error_message":"org.openqa.selenium.NoSuchElementException: no such element: Unable to locate element: {\"method\":\"css selector\",\"selector\":\"a[href=\"/logout\"]\"}\n  (Session info: chrome=101.0.4951.54)\nFor documentation on this error, please visit: https://selenium.dev/exceptions/#no_such_element\nBuild info: version: '4.1.4', revision: '535d840ee2'\nSystem info: host: 'DESKTOP-M0L0ODS', ip: '192.168.1.7', os.name: 'Windows 10', os.arch: 'amd64', os.version: '10.0', java.version: '1.8.0_321'\nDriver info: org.openqa.selenium.chrome.ChromeDriver\nCommand: [c10a279dbc411eabb4e132e898243ba4, findElement {using=css selector, value=a[href=\"/logout\"]}]\nCapabilities {acceptInsecureCerts: false, browserName: chrome, browserVersion: 101.0.4951.54, chrome: {chromedriverVersion: 100.0.4896.60 (6a5d10861ce8..., userDataDir: C:\\Users\\aboba\\AppData\\Loca...}, goog:chromeOptions: {debuggerAddress: localhost:61518}, javascriptEnabled: true, networkConnectionEnabled: false, pageLoadStrategy: normal, platform: WINDOWS, platformName: WINDOWS, proxy: Proxy(), se:cdp: ws://localhost:61518/devtoo..., se:cdpVersion: 101.0.4951.54, setWindowRect: true, strictFileInteractability: false, timeouts: {implicit: 0, pageLoad: 300000, script: 30000}, unhandledPromptBehavior: dismiss and notify, webauthn:extension:credBlob: true, webauthn:extension:largeBlob: true, webauthn:virtualAuthenticators: true}\nSession ID: c10a279dbc411eabb4e132e898243ba4\r\n\tat sun.reflect.NativeConstructorAccessorImpl.newInstance0(Native Method)\r\n\tat sun.reflect.NativeConstructorAccessorImpl.newInstance(NativeConstructorAccessorImpl.java:62)\r\n\tat sun.reflect.DelegatingConstructorAccessorImpl.newInstance(DelegatingConstructorAccessorImpl.java:45)\r\n\tat java.lang.reflect.Constructor.newInstance(Constructor.java:423)\r\n\tat org.openqa.selenium.remote.codec.w3c.W3CHttpResponseCodec.createException(W3CHttpResponseCodec.java:200)\r\n\tat org.openqa.selenium.remote.codec.w3c.W3CHttpResponseCodec.decode(W3CHttpResponseCodec.java:133)\r\n\tat org.openqa.selenium.remote.codec.w3c.W3CHttpResponseCodec.decode(W3CHttpResponseCodec.java:53)\r\n\tat org.openqa.selenium.remote.HttpCommandExecutor.execute(HttpCommandExecutor.java:184)\r\n\tat org.openqa.selenium.remote.service.DriverCommandExecutor.invokeExecute(DriverCommandExecutor.java:167)\r\n\tat org.openqa.selenium.remote.service.DriverCommandExecutor.execute(DriverCommandExecutor.java:142)\r\n\tat org.openqa.selenium.remote.RemoteWebDriver.execute(RemoteWebDriver.java:567)\r\n\tat org.openqa.selenium.remote.ElementLocation$ElementFinder$2.findElement(ElementLocation.java:162)\r\n\tat org.openqa.selenium.remote.ElementLocation.findElement(ElementLocation.java:60)\r\n\tat org.openqa.selenium.remote.RemoteWebDriver.findElement(RemoteWebDriver.java:385)\r\n\tat org.openqa.selenium.remote.RemoteWebDriver.findElement(RemoteWebDriver.java:377)\r\n\tat pages.logoutpage.logout(logoutpage.java:15)\r\n\tat StepDefination.logout.logout(logout.java:11)\r\n\tat ✽.user logout(file:///D:/software%20projects/cucumberEcommerce/src/main/resources/Feature/logout.feature:5)\r\n","duration":8075000000,"status":"failed"},"line":5,"name":"user logout","match":{"location":"StepDefination.logout.logout()"},"keyword":"When "}],"tags":[{"name":"@regression"}]}],"name":"user will logout","description":"","id":"user-will-logout","keyword":"Feature","uri":"file:src/main/resources/Feature/logout.feature","tags":[{"name":"@regression","type":"Tag","location":{"line":1,"column":1}}]}]